#
# There is insufficient memory for the Java Runtime Environment to continue.
# Native memory allocation (malloc) failed to allocate 554976 bytes for Chunk::new
# Possible reasons:
#   The system is out of physical RAM or swap space
#   The process is running with CompressedOops enabled, and the Java Heap may be blocking the growth of the native heap
# Possible solutions:
#   Reduce memory load on the system
#   Increase physical memory or swap space
#   Check if swap backing store is full
#   Decrease Java heap size (-Xmx/-Xms)
#   Decrease number of Java threads
#   Decrease Java thread stack sizes (-Xss)
#   Set larger code cache with -XX:ReservedCodeCacheSize=
#   JVM is running with Unscaled Compressed Oops mode in which the Java heap is
#     placed in the first 4GB address space. The Java Heap base address is the
#     maximum limit for the native heap growth. Please use -XX:HeapBaseMinAddress
#     to set the Java Heap base and to place the Java Heap above 4GB virtual address.
# This output file may be truncated or incomplete.
#
#  Out of Memory Error (allocation.cpp:389), pid=11804, tid=0x0000000000003e90
#
# JRE version: OpenJDK Runtime Environment (8.0_212-b04) (build 1.8.0_212-release-1586-b04)
# Java VM: OpenJDK 64-Bit Server VM (25.212-b04 mixed mode windows-amd64 compressed oops)
# Failed to write core dump. Minidumps are not enabled by default on client versions of Windows
#

---------------  T H R E A D  ---------------

Current thread (0x00000000186d7800):  JavaThread "C2 CompilerThread2" daemon [_thread_in_native, id=16016, stack(0x00000000191a0000,0x00000000192a0000)]

Stack: [0x00000000191a0000,0x00000000192a0000]
[error occurred during error reporting (printing stack bounds), id 0xc0000005]

Native frames: (J=compiled Java code, j=interpreted, Vv=VM code, C=native code)


Current CompileTask:
C2:3239075 13304   !   4       org.gradle.internal.classloader.CachingClassLoader::loadClass (85 bytes)


---------------  P R O C E S S  ---------------

Java Threads: ( => current thread )
  0x00000000264ab800 JavaThread "GC Daemon" daemon [_thread_new, id=828, stack(0x0000000000000000,0x0000000000000000)]
  0x00000000264a4000 JavaThread "RMI RenewClean-[127.0.0.1:17276,org.jetbrains.kotlin.daemon.common.LoopbackNetworkInterface$ClientLoopbackSocketFactory@1c7b0ef0]" daemon [_thread_new, id=17828, stack(0x0000000000000000,0x0000000000000000)]
  0x00000000264aa800 JavaThread "RMI Scheduler(0)" daemon [_thread_new, id=14408, stack(0x0000000000000000,0x0000000000000000)]
  0x00000000264a8800 JavaThread "stdout" [_thread_in_native, id=17952, stack(0x000000002a170000,0x000000002a270000)]
  0x00000000264a7000 JavaThread "stderr" [_thread_in_native, id=10228, stack(0x000000002a070000,0x000000002a170000)]
  0x00000000264a7800 JavaThread "stdout" [_thread_in_native, id=19984, stack(0x0000000029f70000,0x000000002a070000)]
  0x00000000264a2800 JavaThread "stderr" [_thread_in_native, id=2204, stack(0x0000000029e70000,0x0000000029f70000)]
  0x00000000264a9000 JavaThread "stdout" [_thread_in_native, id=17316, stack(0x0000000029d70000,0x0000000029e70000)]
  0x00000000264a4800 JavaThread "stderr" [_thread_in_native, id=14852, stack(0x0000000029c70000,0x0000000029d70000)]
  0x0000000022380000 JavaThread "stdout" [_thread_in_native, id=19288, stack(0x0000000029b70000,0x0000000029c70000)]
  0x000000002237e800 JavaThread "stderr" [_thread_in_native, id=6848, stack(0x0000000029a70000,0x0000000029b70000)]
  0x000000002237b800 JavaThread "stdout" [_thread_in_native, id=15476, stack(0x0000000029970000,0x0000000029a70000)]
  0x000000002237f800 JavaThread "stderr" [_thread_in_native, id=19080, stack(0x0000000029870000,0x0000000029970000)]
  0x000000002237e000 JavaThread "stdout" [_thread_in_native, id=16924, stack(0x0000000029770000,0x0000000029870000)]
  0x000000002237c800 JavaThread "stderr" [_thread_in_native, id=18656, stack(0x0000000029670000,0x0000000029770000)]
  0x0000000022381000 JavaThread "stdout" [_thread_in_native, id=13008, stack(0x0000000028ba0000,0x0000000028ca0000)]
  0x000000002237d000 JavaThread "stderr" [_thread_in_native, id=19752, stack(0x0000000028aa0000,0x0000000028ba0000)]
  0x0000000022374000 JavaThread "pool-4-thread-1" [_thread_blocked, id=5224, stack(0x0000000029570000,0x0000000029670000)]
  0x0000000022375000 JavaThread "WorkerExecutor Queue Thread 8" [_thread_blocked, id=17620, stack(0x0000000029470000,0x0000000029570000)]
  0x000000002237b000 JavaThread "WorkerExecutor Queue Thread 7" [_thread_blocked, id=14712, stack(0x0000000029370000,0x0000000029470000)]
  0x0000000022373800 JavaThread "WorkerExecutor Queue Thread 6" [_thread_blocked, id=14436, stack(0x0000000029270000,0x0000000029370000)]
  0x000000002237a000 JavaThread "WorkerExecutor Queue Thread 5" [_thread_blocked, id=2956, stack(0x0000000029170000,0x0000000029270000)]
  0x0000000022372800 JavaThread "WorkerExecutor Queue Thread 4" [_thread_blocked, id=16688, stack(0x0000000029070000,0x0000000029170000)]
  0x0000000022379800 JavaThread "WorkerExecutor Queue Thread 3" [_thread_blocked, id=2988, stack(0x0000000028f70000,0x0000000029070000)]
  0x0000000022378800 JavaThread "WorkerExecutor Queue Thread 2" [_thread_blocked, id=19272, stack(0x0000000028e70000,0x0000000028f70000)]
  0x0000000022375800 JavaThread "WorkerExecutor Queue" [_thread_blocked, id=16048, stack(0x0000000028d70000,0x0000000028e70000)]
  0x000000001b20d800 JavaThread "Cache worker for execution history cache (C:\Users\Austyn\project-1-Life75\Thousandaire\.gradle\5.6.4\executionHistory)" [_thread_blocked, id=12268, stack(0x00000000287a0000,0x00000000288a0000)]
  0x000000001b20a800 JavaThread "Execution worker for ':' Thread 7" [_thread_blocked, id=5396, stack(0x00000000286a0000,0x00000000287a0000)]
  0x000000001b208000 JavaThread "Execution worker for ':' Thread 6" [_thread_blocked, id=19640, stack(0x00000000285a0000,0x00000000286a0000)]
  0x000000001b3bf000 JavaThread "Execution worker for ':' Thread 5" [_thread_blocked, id=4752, stack(0x00000000284a0000,0x00000000285a0000)]
  0x000000001b3b7000 JavaThread "Execution worker for ':' Thread 4" [_thread_in_native, id=2296, stack(0x00000000283a0000,0x00000000284a0000)]
  0x000000001b3b6800 JavaThread "Execution worker for ':' Thread 3" [_thread_blocked, id=18256, stack(0x00000000282a0000,0x00000000283a0000)]
  0x000000001b3bd800 JavaThread "Execution worker for ':' Thread 2" [_thread_blocked, id=5372, stack(0x00000000281a0000,0x00000000282a0000)]
  0x000000001b3bc800 JavaThread "Execution worker for ':'" [_thread_blocked, id=4572, stack(0x0000000027e70000,0x0000000027f70000)]
  0x000000001b3b5800 JavaThread "Cache worker for file content cache (C:\Users\Austyn\project-1-Life75\Thousandaire\.gradle\5.6.4\fileContent)" [_thread_blocked, id=16992, stack(0x0000000027d70000,0x0000000027e70000)]
  0x000000001b3bc000 JavaThread "Cache worker for file content cache (C:\Users\Austyn\.gradle\caches\5.6.4\fileContent)" [_thread_blocked, id=15972, stack(0x00000000275c0000,0x00000000276c0000)]
  0x000000001b3ba000 JavaThread "Cache worker for Build Output Cleanup Cache (C:\Users\Austyn\project-1-Life75\Thousandaire\.gradle\buildOutputCleanup)" [_thread_blocked, id=19592, stack(0x0000000025620000,0x0000000025720000)]
  0x00000000222f1800 JavaThread "Build operations Thread 8" [_thread_blocked, id=1592, stack(0x0000000024e90000,0x0000000024f90000)]
  0x00000000222f1000 JavaThread "Build operations Thread 7" [_thread_blocked, id=18000, stack(0x0000000024590000,0x0000000024690000)]
  0x00000000222f0000 JavaThread "Build operations Thread 6" [_thread_blocked, id=19920, stack(0x0000000024490000,0x0000000024590000)]
  0x00000000222f2800 JavaThread "Build operations Thread 5" [_thread_blocked, id=2068, stack(0x0000000024390000,0x0000000024490000)]
  0x00000000222f6000 JavaThread "Build operations Thread 4" [_thread_blocked, id=14820, stack(0x0000000023fe0000,0x00000000240e0000)]
  0x00000000222f4000 JavaThread "Build operations Thread 3" [_thread_blocked, id=18908, stack(0x0000000023ee0000,0x0000000023fe0000)]
  0x00000000222f5800 JavaThread "Build operations Thread 2" [_thread_blocked, id=13196, stack(0x0000000023de0000,0x0000000023ee0000)]
  0x00000000222f4800 JavaThread "Build operations" [_thread_blocked, id=9916, stack(0x0000000021180000,0x0000000021280000)]
  0x00000000222f3000 JavaThread "Cache worker for cache directory md-rule (C:\Users\Austyn\.gradle\caches\5.6.4\md-rule)" [_thread_blocked, id=4656, stack(0x000000001ff60000,0x0000000020060000)]
  0x00000000222e8800 JavaThread "Cache worker for cache directory md-supplier (C:\Users\Austyn\.gradle\caches\5.6.4\md-supplier)" [_thread_blocked, id=15904, stack(0x000000001fe60000,0x000000001ff60000)]
  0x00000000222ef800 JavaThread "Cache worker for file hash cache (C:\Users\Austyn\project-1-Life75\Thousandaire\.gradle\5.6.4\fileHashes)" [_thread_blocked, id=2536, stack(0x000000001f760000,0x000000001f860000)]
  0x00000000222ee800 JavaThread "Thread-32" [_thread_blocked, id=9352, stack(0x000000001cfc0000,0x000000001d0c0000)]
  0x00000000222eb000 JavaThread "Stdin handler" [_thread_blocked, id=5240, stack(0x000000001cec0000,0x000000001cfc0000)]
  0x00000000222ed000 JavaThread "Asynchronous log dispatcher for DefaultDaemonConnection: socket connection from /127.0.0.1:60288 to /127.0.0.1:60574" [_thread_blocked, id=15584, stack(0x000000001ccc0000,0x000000001cdc0000)]
  0x00000000222ea000 JavaThread "Daemon worker Thread 2" [_thread_blocked, id=14356, stack(0x000000001cbc0000,0x000000001ccc0000)]
  0x00000000222e7000 JavaThread "Cancel handler" [_thread_blocked, id=20028, stack(0x000000001cac0000,0x000000001cbc0000)]
  0x00000000222ec800 JavaThread "Handler for socket connection from /127.0.0.1:60288 to /127.0.0.1:60574" [_thread_in_native, id=14068, stack(0x000000001c7c0000,0x000000001c8c0000)]
  0x00000000222ee000 JavaThread "Daemon Thread 2" [_thread_blocked, id=16080, stack(0x000000001c6c0000,0x000000001c7c0000)]
  0x000000001b3b8800 JavaThread "Memory manager" [_thread_blocked, id=14956, stack(0x0000000023ae0000,0x0000000023be0000)]
  0x000000001b3b9800 JavaThread "Cache worker for execution history cache (C:\Users\Austyn\.gradle\caches\5.6.4\executionHistory)" [_thread_blocked, id=16232, stack(0x0000000020060000,0x0000000020160000)]
  0x000000001b20f000 JavaThread "Cache worker for journal cache (C:\Users\Austyn\.gradle\caches\journal-1)" [_thread_blocked, id=16200, stack(0x000000001d4c0000,0x000000001d5c0000)]
  0x000000001b209800 JavaThread "File lock request listener" [_thread_in_native, id=2184, stack(0x000000001d3c0000,0x000000001d4c0000)]
  0x000000001b30a800 JavaThread "Cache worker for file hash cache (C:\Users\Austyn\.gradle\caches\5.6.4\fileHashes)" [_thread_blocked, id=13072, stack(0x000000001d2c0000,0x000000001d3c0000)]
  0x000000001b11d800 JavaThread "Daemon periodic checks" [_thread_blocked, id=19552, stack(0x000000001c5c0000,0x000000001c6c0000)]
  0x000000001b0c6000 JavaThread "Incoming local TCP Connector on port 60288" [_thread_in_native, id=820, stack(0x000000001c380000,0x000000001c480000)]
  0x000000001b070000 JavaThread "Daemon health stats" [_thread_blocked, id=6668, stack(0x000000001bd40000,0x000000001be40000)]
  0x0000000018714800 JavaThread "Service Thread" daemon [_thread_blocked, id=1236, stack(0x00000000193a0000,0x00000000194a0000)]
  0x00000000186de800 JavaThread "C1 CompilerThread3" daemon [_thread_blocked, id=14148, stack(0x00000000192a0000,0x00000000193a0000)]
=>0x00000000186d7800 JavaThread "C2 CompilerThread2" daemon [_thread_in_native, id=16016, stack(0x00000000191a0000,0x00000000192a0000)]
  0x00000000186cc800 JavaThread "C2 CompilerThread1" daemon [_thread_in_native, id=14476, stack(0x00000000190a0000,0x00000000191a0000)]
  0x00000000186d6800 JavaThread "C2 CompilerThread0" daemon [_thread_in_native, id=2928, stack(0x0000000018fa0000,0x00000000190a0000)]
  0x00000000186d3800 JavaThread "Attach Listener" daemon [_thread_blocked, id=1260, stack(0x0000000018ea0000,0x0000000018fa0000)]
  0x00000000186d2800 JavaThread "Signal Dispatcher" daemon [_thread_blocked, id=4340, stack(0x0000000018da0000,0x0000000018ea0000)]
  0x0000000002af9800 JavaThread "Finalizer" daemon [_thread_blocked, id=15460, stack(0x0000000018ba0000,0x0000000018ca0000)]
  0x00000000186c0800 JavaThread "Reference Handler" daemon [_thread_blocked, id=4148, stack(0x0000000018aa0000,0x0000000018ba0000)]
  0x0000000002a02800 JavaThread "main" [_thread_blocked, id=18620, stack(0x0000000002900000,0x0000000002a00000)]

Other Threads:
  0x00000000168b6000 VMThread [stack: 0x00000000185a0000,0x00000000186a0000] [id=6596]
  0x0000000018715800 WatcherThread [stack: 0x00000000194a0000,0x00000000195a0000] [id=2140]

VM state:not at safepoint (normal execution)

VM Mutex/Monitor currently owned by a thread: None

heap address: 0x00000000a0000000, size: 1536 MB, Compressed Oops mode: 32-bit
Narrow klass base: 0x0000000000000000, Narrow klass shift: 3
Compressed class space size: 1073741824 Address: 0x0000000100000000

Heap:
 PSYoungGen      total 234496K, used 105663K [0x00000000e0000000, 0x00000000eff00000, 0x0000000100000000)
  eden space 211968K, 41% used [0x00000000e0000000,0x00000000e56af8e0,0x00000000ecf00000)
  from space 22528K, 75% used [0x00000000ee900000,0x00000000ef980550,0x00000000eff00000)
  to   space 24576K, 0% used [0x00000000ecf00000,0x00000000ecf00000,0x00000000ee700000)
 ParOldGen       total 249344K, used 52791K [0x00000000a0000000, 0x00000000af380000, 0x00000000e0000000)
  object space 249344K, 21% used [0x00000000a0000000,0x00000000a338dca8,0x00000000af380000)
 Metaspace       used 82774K, capacity 87128K, committed 87424K, reserved 1124352K
  class space    used 10965K, capacity 11818K, committed 11904K, reserved 1048576K

Card table byte_map: [0x0000000011ec0000,0x00000000121d0000] byte_map_base: 0x00000000119c0000

Marking Bits: (ParMarkBitMap*) 0x0000000069889f30
 Begin Bits: [0x0000000012bd0000, 0x00000000143d0000)
 End Bits:   [0x00000000143d0000, 0x0000000015bd0000)

Polling page: 0x0000000000ea0000

CodeCache: size=245760Kb used=36455Kb max_used=36710Kb free=209304Kb
 bounds [0x0000000002b00000, 0x0000000004f10000, 0x0000000011b00000]
 total_blobs=12088 nmethods=11213 adapters=787
 compilation: enabled

Compilation events (10 events):
Event: 3239.023 Thread 0x00000000186de800 nmethod 13302 0x0000000003354610 code [0x0000000003354780, 0x00000000033549b8]
Event: 3239.023 Thread 0x00000000186de800 13303       3       org.gradle.internal.logging.slf4j.OutputEventListenerBackedLoggerContext::getLogger (69 bytes)
Event: 3239.023 Thread 0x00000000186de800 nmethod 13303 0x0000000004da9210 code [0x0000000004da93e0, 0x0000000004da9d28]
Event: 3239.024 Thread 0x00000000186d7800 13304   !   4       org.gradle.internal.classloader.CachingClassLoader::loadClass (85 bytes)
Event: 3239.046 Thread 0x00000000186d6800 13305       4       com.google.common.collect.MapMakerInternalMap::putIfAbsent (29 bytes)
Event: 3239.046 Thread 0x00000000186cc800 13306       4       java.lang.Class::privateGetPublicMethods (267 bytes)
Event: 3239.047 Thread 0x00000000186de800 13307       3       sun.misc.ProxyGenerator$ProxyMethod::codeWrapArgument (171 bytes)
Event: 3239.048 Thread 0x00000000186de800 nmethod 13307 0x0000000004d3ce10 code [0x0000000004d3d200, 0x0000000004d3f128]
Event: 3239.054 Thread 0x00000000186de800 13309       3       java.io.ObjectStreamClass::superHasAccessibleConstructor (151 bytes)
Event: 3239.055 Thread 0x00000000186de800 nmethod 13309 0x0000000004da4010 code [0x0000000004da42e0, 0x0000000004da54a8]

GC Heap History (10 events):
Event: 5.897 GC heap before
{Heap before GC invocations=13 (full 3):
 PSYoungGen      total 179200K, used 10741K [0x00000000e0000000, 0x00000000ee600000, 0x0000000100000000)
  eden space 168448K, 0% used [0x00000000e0000000,0x00000000e0000000,0x00000000ea480000)
  from space 10752K, 99% used [0x00000000eb900000,0x00000000ec37d478,0x00000000ec380000)
  to   space 20992K, 0% used [0x00000000ea480000,0x00000000ea480000,0x00000000eb900000)
 ParOldGen       total 166912K, used 33941K [0x00000000a0000000, 0x00000000aa300000, 0x00000000e0000000)
  object space 166912K, 20% used [0x00000000a0000000,0x00000000a2125430,0x00000000aa300000)
 Metaspace       used 57060K, capacity 58930K, committed 59136K, reserved 1099776K
  class space    used 7784K, capacity 8192K, committed 8192K, reserved 1048576K
Event: 6.082 GC heap after
Heap after GC invocations=13 (full 3):
 PSYoungGen      total 179200K, used 0K [0x00000000e0000000, 0x00000000ee600000, 0x0000000100000000)
  eden space 168448K, 0% used [0x00000000e0000000,0x00000000e0000000,0x00000000ea480000)
  from space 10752K, 0% used [0x00000000eb900000,0x00000000eb900000,0x00000000ec380000)
  to   space 20992K, 0% used [0x00000000ea480000,0x00000000ea480000,0x00000000eb900000)
 ParOldGen       total 249344K, used 32006K [0x00000000a0000000, 0x00000000af380000, 0x00000000e0000000)
  object space 249344K, 12% used [0x00000000a0000000,0x00000000a1f41b10,0x00000000af380000)
 Metaspace       used 57049K, capacity 58894K, committed 59136K, reserved 1099776K
  class space    used 7781K, capacity 8186K, committed 8192K, reserved 1048576K
}
Event: 7.173 GC heap before
{Heap before GC invocations=14 (full 3):
 PSYoungGen      total 179200K, used 168448K [0x00000000e0000000, 0x00000000ee600000, 0x0000000100000000)
  eden space 168448K, 100% used [0x00000000e0000000,0x00000000ea480000,0x00000000ea480000)
  from space 10752K, 0% used [0x00000000eb900000,0x00000000eb900000,0x00000000ec380000)
  to   space 20992K, 0% used [0x00000000ea480000,0x00000000ea480000,0x00000000eb900000)
 ParOldGen       total 249344K, used 32018K [0x00000000a0000000, 0x00000000af380000, 0x00000000e0000000)
  object space 249344K, 12% used [0x00000000a0000000,0x00000000a1f44958,0x00000000af380000)
 Metaspace       used 63257K, capacity 66194K, committed 66304K, reserved 1105920K
  class space    used 8763K, capacity 9386K, committed 9472K, reserved 1048576K
Event: 7.185 GC heap after
Heap after GC invocations=14 (full 3):
 PSYoungGen      total 189440K, used 12778K [0x00000000e0000000, 0x00000000ee600000, 0x0000000100000000)
  eden space 168448K, 0% used [0x00000000e0000000,0x00000000e0000000,0x00000000ea480000)
  from space 20992K, 60% used [0x00000000ea480000,0x00000000eb0fa8f8,0x00000000eb900000)
  to   space 20480K, 0% used [0x00000000ed200000,0x00000000ed200000,0x00000000ee600000)
 ParOldGen       total 249344K, used 32026K [0x00000000a0000000, 0x00000000af380000, 0x00000000e0000000)
  object space 249344K, 12% used [0x00000000a0000000,0x00000000a1f46958,0x00000000af380000)
 Metaspace       used 63257K, capacity 66194K, committed 66304K, reserved 1105920K
  class space    used 8763K, capacity 9386K, committed 9472K, reserved 1048576K
}
Event: 8.397 GC heap before
{Heap before GC invocations=15 (full 3):
 PSYoungGen      total 189440K, used 181226K [0x00000000e0000000, 0x00000000ee600000, 0x0000000100000000)
  eden space 168448K, 100% used [0x00000000e0000000,0x00000000ea480000,0x00000000ea480000)
  from space 20992K, 60% used [0x00000000ea480000,0x00000000eb0fa8f8,0x00000000eb900000)
  to   space 20480K, 0% used [0x00000000ed200000,0x00000000ed200000,0x00000000ee600000)
 ParOldGen       total 249344K, used 32026K [0x00000000a0000000, 0x00000000af380000, 0x00000000e0000000)
  object space 249344K, 12% used [0x00000000a0000000,0x00000000a1f46958,0x00000000af380000)
 Metaspace       used 70361K, capacity 73798K, committed 73984K, reserved 1112064K
  class space    used 9692K, capacity 10390K, committed 10496K, reserved 1048576K
Event: 8.418 GC heap after
Heap after GC invocations=15 (full 3):
 PSYoungGen      total 211456K, used 20460K [0x00000000e0000000, 0x00000000eed00000, 0x0000000100000000)
  eden space 190976K, 0% used [0x00000000e0000000,0x00000000e0000000,0x00000000eba80000)
  from space 20480K, 99% used [0x00000000ed200000,0x00000000ee5fb210,0x00000000ee600000)
  to   space 24064K, 0% used [0x00000000eba80000,0x00000000eba80000,0x00000000ed200000)
 ParOldGen       total 249344K, used 35701K [0x00000000a0000000, 0x00000000af380000, 0x00000000e0000000)
  object space 249344K, 14% used [0x00000000a0000000,0x00000000a22dd6e0,0x00000000af380000)
 Metaspace       used 70361K, capacity 73798K, committed 73984K, reserved 1112064K
  class space    used 9692K, capacity 10390K, committed 10496K, reserved 1048576K
}
Event: 3234.727 GC heap before
{Heap before GC invocations=16 (full 3):
 PSYoungGen      total 211456K, used 211436K [0x00000000e0000000, 0x00000000eed00000, 0x0000000100000000)
  eden space 190976K, 100% used [0x00000000e0000000,0x00000000eba80000,0x00000000eba80000)
  from space 20480K, 99% used [0x00000000ed200000,0x00000000ee5fb210,0x00000000ee600000)
  to   space 24064K, 0% used [0x00000000eba80000,0x00000000eba80000,0x00000000ed200000)
 ParOldGen       total 249344K, used 35701K [0x00000000a0000000, 0x00000000af380000, 0x00000000e0000000)
  object space 249344K, 14% used [0x00000000a0000000,0x00000000a22dd6e0,0x00000000af380000)
 Metaspace       used 77685K, capacity 81922K, committed 82176K, reserved 1120256K
  class space    used 10403K, capacity 11228K, committed 11264K, reserved 1048576K
Event: 3234.751 GC heap after
Heap after GC invocations=16 (full 3):
 PSYoungGen      total 215040K, used 16274K [0x00000000e0000000, 0x00000000f0080000, 0x0000000100000000)
  eden space 190976K, 0% used [0x00000000e0000000,0x00000000e0000000,0x00000000eba80000)
  from space 24064K, 67% used [0x00000000eba80000,0x00000000eca64a90,0x00000000ed200000)
  to   space 24064K, 0% used [0x00000000ee900000,0x00000000ee900000,0x00000000f0080000)
 ParOldGen       total 249344K, used 52783K [0x00000000a0000000, 0x00000000af380000, 0x00000000e0000000)
  object space 249344K, 21% used [0x00000000a0000000,0x00000000a338bca8,0x00000000af380000)
 Metaspace       used 77685K, capacity 81922K, committed 82176K, reserved 1120256K
  class space    used 10403K, capacity 11228K, committed 11264K, reserved 1048576K
}
Event: 3237.023 GC heap before
{Heap before GC invocations=17 (full 3):
 PSYoungGen      total 215040K, used 207250K [0x00000000e0000000, 0x00000000f0080000, 0x0000000100000000)
  eden space 190976K, 100% used [0x00000000e0000000,0x00000000eba80000,0x00000000eba80000)
  from space 24064K, 67% used [0x00000000eba80000,0x00000000eca64a90,0x00000000ed200000)
  to   space 24064K, 0% used [0x00000000ee900000,0x00000000ee900000,0x00000000f0080000)
 ParOldGen       total 249344K, used 52783K [0x00000000a0000000, 0x00000000af380000, 0x00000000e0000000)
  object space 249344K, 21% used [0x00000000a0000000,0x00000000a338bca8,0x00000000af380000)
 Metaspace       used 80496K, capacity 84728K, committed 84864K, reserved 1122304K
  class space    used 10696K, capacity 11523K, committed 11648K, reserved 1048576K
Event: 3237.035 GC heap after
Heap after GC invocations=17 (full 3):
 PSYoungGen      total 234496K, used 16897K [0x00000000e0000000, 0x00000000eff00000, 0x0000000100000000)
  eden space 211968K, 0% used [0x00000000e0000000,0x00000000e0000000,0x00000000ecf00000)
  from space 22528K, 75% used [0x00000000ee900000,0x00000000ef980550,0x00000000eff00000)
  to   space 24576K, 0% used [0x00000000ecf00000,0x00000000ecf00000,0x00000000ee700000)
 ParOldGen       total 249344K, used 52791K [0x00000000a0000000, 0x00000000af380000, 0x00000000e0000000)
  object space 249344K, 21% used [0x00000000a0000000,0x00000000a338dca8,0x00000000af380000)
 Metaspace       used 80496K, capacity 84728K, committed 84864K, reserved 1122304K
  class space    used 10696K, capacity 11523K, committed 11648K, reserved 1048576K
}

Deoptimization events (10 events):
Event: 3239.031 Thread 0x000000001b3b7000 Uncommon trap: reason=class_check action=maybe_recompile pc=0x00000000031498d0 method=java.io.DataOutputStream.write(I)V @ 5
Event: 3239.031 Thread 0x000000001b3b7000 Uncommon trap: reason=class_check action=maybe_recompile pc=0x00000000031498d0 method=java.io.DataOutputStream.write(I)V @ 5
Event: 3239.047 Thread 0x000000001b3b7000 Uncommon trap: reason=bimorphic action=maybe_recompile pc=0x0000000004df9254 method=java.io.ObjectInputStream$PeekInputStream.read()I @ 23
Event: 3239.047 Thread 0x000000001b3b7000 Uncommon trap: reason=bimorphic action=maybe_recompile pc=0x0000000004df9254 method=java.io.ObjectInputStream$PeekInputStream.read()I @ 23
Event: 3239.052 Thread 0x000000001b3b7000 Uncommon trap: reason=bimorphic action=maybe_recompile pc=0x0000000004df9254 method=java.io.ObjectInputStream$PeekInputStream.read()I @ 23
Event: 3239.052 Thread 0x000000001b3b7000 Uncommon trap: reason=bimorphic action=maybe_recompile pc=0x0000000004df9254 method=java.io.ObjectInputStream$PeekInputStream.read()I @ 23
Event: 3239.054 Thread 0x000000001b3b7000 Uncommon trap: reason=unstable_if action=reinterpret pc=0x0000000004b37ccc method=java.io.ObjectInputStream$BlockDataInputStream.readUnsignedShort()I @ 4
Event: 3239.054 Thread 0x000000001b3b7000 Uncommon trap: reason=bimorphic action=maybe_recompile pc=0x0000000004dfaa64 method=java.io.ObjectInputStream$PeekInputStream.read()I @ 23
Event: 3239.056 Thread 0x000000001b3b7000 Uncommon trap: reason=array_check action=maybe_recompile pc=0x0000000004ef1264 method=java.util.TimSort.binarySort([Ljava/lang/Object;IIILjava/util/Comparator;)V @ 215
Event: 3239.056 Thread 0x000000001b3b7000 Uncommon trap: reason=unstable_if action=reinterpret pc=0x0000000004de47b0 method=java.io.ObjectInputStream$BlockDataInputStream.read([BIIZ)I @ 10

Classes redefined (0 events):
No events

Internal exceptions (10 events):
Event: 3237.387 Thread 0x000000001b3b7000 Exception <a 'java/lang/NoSuchMethodError': <clinit>> (0x00000000e0fdc548) thrown at [D:\src\AOSP-openjdk-cygwin\jdk8u\hotspot\src\share\vm\prims\jni.cpp, line 1614]
Event: 3237.389 Thread 0x000000001b3b7000 Exception <a 'java/lang/NoSuchMethodError': <clinit>> (0x00000000e0ff9fd0) thrown at [D:\src\AOSP-openjdk-cygwin\jdk8u\hotspot\src\share\vm\prims\jni.cpp, line 1614]
Event: 3237.389 Thread 0x000000001b3b7000 Exception <a 'java/lang/NoSuchMethodError': <clinit>> (0x00000000e101cde0) thrown at [D:\src\AOSP-openjdk-cygwin\jdk8u\hotspot\src\share\vm\prims\jni.cpp, line 1614]
Event: 3237.395 Thread 0x000000001b3b7000 Exception <a 'java/lang/NoSuchMethodError': <clinit>> (0x00000000e1091a88) thrown at [D:\src\AOSP-openjdk-cygwin\jdk8u\hotspot\src\share\vm\prims\jni.cpp, line 1614]
Event: 3237.397 Thread 0x000000001b3b7000 Exception <a 'java/lang/NoSuchMethodError': <clinit>> (0x00000000e10dd778) thrown at [D:\src\AOSP-openjdk-cygwin\jdk8u\hotspot\src\share\vm\prims\jni.cpp, line 1614]
Event: 3238.376 Thread 0x000000002237b000 Exception <a 'sun/nio/fs/WindowsException'> (0x00000000e2de08a0) thrown at [D:\src\AOSP-openjdk-cygwin\jdk8u\hotspot\src\share\vm\prims\jni.cpp, line 710]
Event: 3238.378 Thread 0x000000002237b000 Exception <a 'sun/nio/fs/WindowsException'> (0x00000000e2df9020) thrown at [D:\src\AOSP-openjdk-cygwin\jdk8u\hotspot\src\share\vm\prims\jni.cpp, line 710]
Event: 3238.379 Thread 0x000000002237b000 Exception <a 'sun/nio/fs/WindowsException'> (0x00000000e2df94c8) thrown at [D:\src\AOSP-openjdk-cygwin\jdk8u\hotspot\src\share\vm\prims\jni.cpp, line 710]
Event: 3239.056 Thread 0x000000001b3b7000 Exception <a 'java/lang/NoSuchMethodError': <clinit>> (0x00000000e55c56a8) thrown at [D:\src\AOSP-openjdk-cygwin\jdk8u\hotspot\src\share\vm\prims\jni.cpp, line 1614]
Event: 3239.056 Thread 0x000000001b3b7000 Exception <a 'java/lang/NoSuchMethodError': <clinit>> (0x00000000e55d3a28) thrown at [D:\src\AOSP-openjdk-cygwin\jdk8u\hotspot\src\share\vm\prims\jni.cpp, line 1614]

Events (10 events):
Event: 3239.060 loading class sun/misc/GC$Daemon done
Event: 3239.060 loading class sun/misc/GC$Daemon$1
Event: 3239.060 loading class sun/misc/GC$Daemon$1 done
Event: 3239.060 Thread 0x00000000264ab800 Thread added: 0x00000000264ab800
Event: 3239.061 loading class sun/rmi/transport/DGCClient$EndpointEntry$RefEntry
Event: 3239.061 loading class sun/rmi/transport/DGCClient$EndpointEntry$RefEntry done
Event: 3239.061 loading class sun/rmi/transport/DGCClient$EndpointEntry$RefEntry$PhantomLiveRef
Event: 3239.061 loading class sun/rmi/transport/DGCClient$EndpointEntry$RefEntry$PhantomLiveRef done
Event: 3239.061 loading class java/rmi/dgc/Lease
Event: 3239.061 loading class java/rmi/dgc/Lease done


Dynamic libraries:
0x00007ff76b060000 - 0x00007ff76b091000 	C:\Program Files\Android\Android Studio\jre\bin\java.exe
0x00007ff925a80000 - 0x00007ff925c70000 	C:\WINDOWS\SYSTEM32\ntdll.dll
0x00007ff908970000 - 0x00007ff908983000 	C:\Program Files\AVAST Software\Avast\aswhook.dll
0x00007ff924b50000 - 0x00007ff924c02000 	C:\WINDOWS\System32\KERNEL32.DLL
0x00007ff923600000 - 0x00007ff9238a4000 	C:\WINDOWS\System32\KERNELBASE.dll
0x00007ff925990000 - 0x00007ff925a33000 	C:\WINDOWS\System32\ADVAPI32.dll
0x00007ff9256e0000 - 0x00007ff92577e000 	C:\WINDOWS\System32\msvcrt.dll
0x00007ff925460000 - 0x00007ff9254f7000 	C:\WINDOWS\System32\sechost.dll
0x00007ff925300000 - 0x00007ff925420000 	C:\WINDOWS\System32\RPCRT4.dll
0x00007ff925780000 - 0x00007ff925914000 	C:\WINDOWS\System32\USER32.dll
0x00007ff9238b0000 - 0x00007ff9238d1000 	C:\WINDOWS\System32\win32u.dll
0x00007ff9242a0000 - 0x00007ff9242c6000 	C:\WINDOWS\System32\GDI32.dll
0x00007ff923990000 - 0x00007ff923b24000 	C:\WINDOWS\System32\gdi32full.dll
0x00007ff922a10000 - 0x00007ff922aae000 	C:\WINDOWS\System32\msvcp_win.dll
0x00007ff922ab0000 - 0x00007ff922baa000 	C:\WINDOWS\System32\ucrtbase.dll
0x00007ff918990000 - 0x00007ff918c14000 	C:\WINDOWS\WinSxS\amd64_microsoft.windows.common-controls_6595b64144ccf1df_6.0.18362.836_none_e6c4b943130f18ed\COMCTL32.dll
0x00007ff924800000 - 0x00007ff924b36000 	C:\WINDOWS\System32\combase.dll
0x00007ff923480000 - 0x00007ff923500000 	C:\WINDOWS\System32\bcryptPrimitives.dll
0x00007ff925420000 - 0x00007ff92544e000 	C:\WINDOWS\System32\IMM32.DLL
0x000000006ae40000 - 0x000000006af12000 	C:\Program Files\Android\Android Studio\jre\jre\bin\msvcr100.dll
0x00000000690c0000 - 0x0000000069906000 	C:\Program Files\Android\Android Studio\jre\jre\bin\server\jvm.dll
0x00007ff924b40000 - 0x00007ff924b48000 	C:\WINDOWS\System32\PSAPI.DLL
0x00007ff90ea00000 - 0x00007ff90ea09000 	C:\WINDOWS\SYSTEM32\WSOCK32.dll
0x00007ff925920000 - 0x00007ff92598f000 	C:\WINDOWS\System32\WS2_32.dll
0x00007ff91c490000 - 0x00007ff91c4b4000 	C:\WINDOWS\SYSTEM32\WINMM.dll
0x00007ff919d00000 - 0x00007ff919d0a000 	C:\WINDOWS\SYSTEM32\VERSION.dll
0x00007ff91c360000 - 0x00007ff91c38d000 	C:\WINDOWS\SYSTEM32\WINMMBASE.dll
0x00007ff923590000 - 0x00007ff9235da000 	C:\WINDOWS\System32\cfgmgr32.dll
0x00007ff919780000 - 0x00007ff91978f000 	C:\Program Files\Android\Android Studio\jre\jre\bin\verify.dll
0x00007ff919740000 - 0x00007ff919769000 	C:\Program Files\Android\Android Studio\jre\jre\bin\java.dll
0x00007ff919030000 - 0x00007ff919046000 	C:\Program Files\Android\Android Studio\jre\jre\bin\zip.dll
0x00007ff923bb0000 - 0x00007ff924294000 	C:\WINDOWS\System32\SHELL32.dll
0x00007ff925500000 - 0x00007ff9255a9000 	C:\WINDOWS\System32\shcore.dll
0x00007ff922bb0000 - 0x00007ff92332e000 	C:\WINDOWS\System32\windows.storage.dll
0x00007ff922950000 - 0x00007ff922973000 	C:\WINDOWS\System32\profapi.dll
0x00007ff9229a0000 - 0x00007ff9229ea000 	C:\WINDOWS\System32\powrprof.dll
0x00007ff922940000 - 0x00007ff922950000 	C:\WINDOWS\System32\UMPDC.dll
0x00007ff925680000 - 0x00007ff9256d2000 	C:\WINDOWS\System32\shlwapi.dll
0x00007ff922980000 - 0x00007ff922991000 	C:\WINDOWS\System32\kernel.appcore.dll
0x00007ff9235e0000 - 0x00007ff9235f7000 	C:\WINDOWS\System32\cryptsp.dll
0x00007ff919010000 - 0x00007ff91902a000 	C:\Program Files\Android\Android Studio\jre\jre\bin\net.dll
0x00007ff918c20000 - 0x00007ff918df6000 	C:\WINDOWS\SYSTEM32\urlmon.dll
0x00007ff912a40000 - 0x00007ff912ce6000 	C:\WINDOWS\SYSTEM32\iertutil.dll
0x00007ff922380000 - 0x00007ff92238c000 	C:\WINDOWS\SYSTEM32\CRYPTBASE.DLL
0x00007ff9221b0000 - 0x00007ff922217000 	C:\WINDOWS\system32\mswsock.dll
0x00007ff918ea0000 - 0x00007ff918eb3000 	C:\Program Files\Android\Android Studio\jre\jre\bin\nio.dll
0x00007ff912ee0000 - 0x00007ff912f06000 	C:\Users\Austyn\.gradle\native\30\windows-amd64\native-platform.dll
0x00007ff919610000 - 0x00007ff91961d000 	C:\Program Files\Android\Android Studio\jre\jre\bin\management.dll
0x00007ff921d20000 - 0x00007ff921d53000 	C:\WINDOWS\system32\rsaenh.dll
0x00007ff923560000 - 0x00007ff923586000 	C:\WINDOWS\System32\bcrypt.dll
0x00007ff922860000 - 0x00007ff922885000 	C:\WINDOWS\SYSTEM32\USERENV.dll
0x00007ff921ec0000 - 0x00007ff921efa000 	C:\WINDOWS\SYSTEM32\IPHLPAPI.DLL
0x00007ff925450000 - 0x00007ff925458000 	C:\WINDOWS\System32\NSI.dll
0x00007ff91d740000 - 0x00007ff91d756000 	C:\WINDOWS\SYSTEM32\dhcpcsvc6.DLL
0x00007ff91d700000 - 0x00007ff91d71c000 	C:\WINDOWS\SYSTEM32\dhcpcsvc.DLL
0x00007ff921f00000 - 0x00007ff921fcb000 	C:\WINDOWS\SYSTEM32\DNSAPI.dll

VM Arguments:
jvm_args: -Xmx1536m -Dfile.encoding=windows-1252 -Duser.country=US -Duser.language=en -Duser.variant 
java_command: org.gradle.launcher.daemon.bootstrap.GradleDaemon 5.6.4
java_class_path (initial): C:\Users\Austyn\.gradle\wrapper\dists\gradle-5.6.4-all\ankdp27end7byghfw1q2sw75f\gradle-5.6.4\lib\gradle-launcher-5.6.4.jar
Launcher Type: SUN_STANDARD

Environment Variables:
USERNAME=Austyn
OS=Windows_NT
PROCESSOR_IDENTIFIER=Intel64 Family 6 Model 158 Stepping 9, GenuineIntel



---------------  S Y S T E M  ---------------

OS: Windows 10.0 , 64 bit Build 18362 (10.0.18362.778)

CPU:total 8 (initial active 8) (4 cores per cpu, 2 threads per core) family 6 model 158 stepping 9, cmov, cx8, fxsr, mmx, sse, sse2, sse3, ssse3, sse4.1, sse4.2, popcnt, avx, avx2, aes, clmul, erms, rtm, 3dnowpref, lzcnt, ht, tsc, tscinvbit, bmi1, bmi2, adx

Memory: 4k page, physical 16741240k(5445092k free), swap 24933240k(3324k free)

vm_info: OpenJDK 64-Bit Server VM (25.212-b04) for windows-amd64 JRE (1.8.0_212-release-1586-b04), built by "builder" with MS VC++ 10.0 (VS2010)

time: Tue Jun 09 09:24:06 2020
timezone: Central Daylight Time
elapsed time: 3239 seconds (0d 0h 53m 59s)

